In file included from ../src/unix/pty.cc:20:0:
../node_modules/nan/nan.h:592:20: error: variable or field ‘AddGCEpilogueCallback’ declared void
       v8::Isolate::GCEpilogueCallback callback
                    ^
../node_modules/nan/nan.h:592:7: error: ‘GCEpilogueCallback’ is not a member of ‘v8::Isolate’
       v8::Isolate::GCEpilogueCallback callback
       ^
../node_modules/nan/nan.h:593:18: error: expected primary-expression before ‘gc_type_filter’
     , v8::GCType gc_type_filter = v8::kGCTypeAll) {
                  ^
../node_modules/nan/nan.h:598:20: error: variable or field ‘RemoveGCEpilogueCallback’ declared void
       v8::Isolate::GCEpilogueCallback callback) {
                    ^
../node_modules/nan/nan.h:598:7: error: ‘GCEpilogueCallback’ is not a member of ‘v8::Isolate’
       v8::Isolate::GCEpilogueCallback callback) {
       ^
../node_modules/nan/nan.h:603:20: error: variable or field ‘AddGCPrologueCallback’ declared void
       v8::Isolate::GCPrologueCallback callback
                    ^
../node_modules/nan/nan.h:603:7: error: ‘GCPrologueCallback’ is not a member of ‘v8::Isolate’
       v8::Isolate::GCPrologueCallback callback
       ^
../node_modules/nan/nan.h:604:18: error: expected primary-expression before ‘gc_type_filter’
     , v8::GCType gc_type_filter = v8::kGCTypeAll) {
                  ^
../node_modules/nan/nan.h:609:20: error: variable or field ‘RemoveGCPrologueCallback’ declared void
       v8::Isolate::GCPrologueCallback callback) {
                    ^
../node_modules/nan/nan.h:609:7: error: ‘GCPrologueCallback’ is not a member of ‘v8::Isolate’
       v8::Isolate::GCPrologueCallback callback) {
       ^
../src/unix/pty.cc: In function ‘Nan::NAN_METHOD_RETURN_TYPE PtyFork(Nan::NAN_METHOD_ARGS_TYPE)’:
../src/unix/pty.cc:257:34: warning: ignoring return value of ‘int chdir(const char*)’, declared with attribute warn_unused_result [-Wunused-result]
       if (strlen(cwd)) chdir(cwd);
                                  ^
make: *** [Release/obj.target/pty/src/unix/pty.o] エラー 1
gyp ERR! build error 
gyp ERR! stack Error: `make` failed with exit code: 2
gyp ERR! stack     at ChildProcess.onExit (/usr/share/atom/resources/app/apm/node_modules/npm/node_modules/node-gyp/lib/build.js:269:23)
gyp ERR! stack     at ChildProcess.emit (events.js:98:17)
gyp ERR! stack     at Process.ChildProcess._handle.onexit (child_process.js:820:12)
gyp ERR! System Linux 4.4.0-21-generic
gyp ERR! command "node" "/usr/share/atom/resources/app/apm/node_modules/npm/node_modules/node-gyp/bin/node-gyp.js" "rebuild"
gyp ERR! cwd /home/yuta/dotfiles/.atom/packages/terminal-plus/node_modules/pty.js
gyp ERR! node -v v0.10.40
gyp ERR! node-gyp -v v2.0.2
gyp ERR! not ok 
